<?xml version="1.0" encoding="UTF-8"?>
<testng-results skipped="0" failed="1" total="5" passed="4">
  <reporter-output>
  </reporter-output>
  <suite name="Default suite" duration-ms="16648" started-at="2015-02-23T13:44:27Z" finished-at="2015-02-23T13:44:44Z">
    <groups>
    </groups>
    <test name="Default test" duration-ms="16648" started-at="2015-02-23T13:44:27Z" finished-at="2015-02-23T13:44:44Z">
      <class name="com.Test.TestGmailLogin.TestGmailLogin">
        <test-method status="PASS" signature="initDriver()[pri:0, instance:com.Test.TestGmailLogin.TestGmailLogin@6c7d84ce]" name="initDriver" is-config="true" duration-ms="6428" started-at="2015-02-23T19:14:27Z" finished-at="2015-02-23T19:14:33Z">
          <reporter-output>
          </reporter-output>
        </test-method> <!-- initDriver -->
        <test-method status="PASS" signature="clearTextBox()[pri:0, instance:com.Test.TestGmailLogin.TestGmailLogin@6c7d84ce]" name="clearTextBox" is-config="true" duration-ms="84" started-at="2015-02-23T19:14:33Z" finished-at="2015-02-23T19:14:33Z">
          <reporter-output>
          </reporter-output>
        </test-method> <!-- clearTextBox -->
        <test-method status="FAIL" signature="enterNullInputs()[pri:0, instance:com.Test.TestGmailLogin.TestGmailLogin@6c7d84ce]" name="enterNullInputs" duration-ms="658" started-at="2015-02-23T19:14:33Z" finished-at="2015-02-23T19:14:34Z">
          <exception class="java.lang.AssertionError">
            <message>
              <![CDATA[expected [Enter your email address] but found [Enter your email address.]]]>
            </message>
            <full-stacktrace>
              <![CDATA[java.lang.AssertionError: expected [Enter your email address] but found [Enter your email address.]
	at org.testng.Assert.fail(Assert.java:94)
	at org.testng.Assert.failNotEquals(Assert.java:494)
	at org.testng.Assert.assertEquals(Assert.java:123)
	at org.testng.Assert.assertEquals(Assert.java:176)
	at org.testng.Assert.assertEquals(Assert.java:186)
	at com.Test.TestGmailLogin.TestGmailLogin.enterNullInputs(TestGmailLogin.java:46)
	at sun.reflect.NativeMethodAccessorImpl.invoke0(Native Method)
	at sun.reflect.NativeMethodAccessorImpl.invoke(Unknown Source)
	at sun.reflect.DelegatingMethodAccessorImpl.invoke(Unknown Source)
	at java.lang.reflect.Method.invoke(Unknown Source)
	at org.testng.internal.MethodInvocationHelper.invokeMethod(MethodInvocationHelper.java:84)
	at org.testng.internal.Invoker.invokeMethod(Invoker.java:714)
	at org.testng.internal.Invoker.invokeTestMethod(Invoker.java:901)
	at org.testng.internal.Invoker.invokeTestMethods(Invoker.java:1231)
	at org.testng.internal.TestMethodWorker.invokeTestMethods(TestMethodWorker.java:127)
	at org.testng.internal.TestMethodWorker.run(TestMethodWorker.java:111)
	at org.testng.TestRunner.privateRun(TestRunner.java:767)
	at org.testng.TestRunner.run(TestRunner.java:617)
	at org.testng.SuiteRunner.runTest(SuiteRunner.java:334)
	at org.testng.SuiteRunner.runSequentially(SuiteRunner.java:329)
	at org.testng.SuiteRunner.privateRun(SuiteRunner.java:291)
	at org.testng.SuiteRunner.run(SuiteRunner.java:240)
	at org.testng.SuiteRunnerWorker.runSuite(SuiteRunnerWorker.java:52)
	at org.testng.SuiteRunnerWorker.run(SuiteRunnerWorker.java:86)
	at org.testng.TestNG.runSuitesSequentially(TestNG.java:1224)
	at org.testng.TestNG.runSuitesLocally(TestNG.java:1149)
	at org.testng.TestNG.run(TestNG.java:1057)
	at org.testng.remote.RemoteTestNG.run(RemoteTestNG.java:111)
	at org.testng.remote.RemoteTestNG.initAndRun(RemoteTestNG.java:204)
	at org.testng.remote.RemoteTestNG.main(RemoteTestNG.java:175)
]]>
            </full-stacktrace>
          </exception> <!-- java.lang.AssertionError -->
          <reporter-output>
          </reporter-output>
        </test-method> <!-- enterNullInputs -->
        <test-method status="PASS" signature="clearTextBox()[pri:0, instance:com.Test.TestGmailLogin.TestGmailLogin@6c7d84ce]" name="clearTextBox" is-config="true" duration-ms="68" started-at="2015-02-23T19:14:34Z" finished-at="2015-02-23T19:14:34Z">
          <reporter-output>
          </reporter-output>
        </test-method> <!-- clearTextBox -->
        <test-method status="PASS" signature="enterUserNameOnly()[pri:0, instance:com.Test.TestGmailLogin.TestGmailLogin@6c7d84ce]" name="enterUserNameOnly" duration-ms="1056" started-at="2015-02-23T19:14:34Z" finished-at="2015-02-23T19:14:35Z">
          <reporter-output>
          </reporter-output>
        </test-method> <!-- enterUserNameOnly -->
        <test-method status="PASS" signature="clearTextBox()[pri:0, instance:com.Test.TestGmailLogin.TestGmailLogin@6c7d84ce]" name="clearTextBox" is-config="true" duration-ms="67" started-at="2015-02-23T19:14:35Z" finished-at="2015-02-23T19:14:35Z">
          <reporter-output>
          </reporter-output>
        </test-method> <!-- clearTextBox -->
        <test-method status="PASS" signature="enterPasswordOnly()[pri:0, instance:com.Test.TestGmailLogin.TestGmailLogin@6c7d84ce]" name="enterPasswordOnly" duration-ms="826" started-at="2015-02-23T19:14:35Z" finished-at="2015-02-23T19:14:36Z">
          <reporter-output>
          </reporter-output>
        </test-method> <!-- enterPasswordOnly -->
        <test-method status="PASS" signature="clearTextBox()[pri:0, instance:com.Test.TestGmailLogin.TestGmailLogin@6c7d84ce]" name="clearTextBox" is-config="true" duration-ms="66" started-at="2015-02-23T19:14:36Z" finished-at="2015-02-23T19:14:36Z">
          <reporter-output>
          </reporter-output>
        </test-method> <!-- clearTextBox -->
        <test-method status="PASS" signature="enterIncorrectUserNamePassword()[pri:0, instance:com.Test.TestGmailLogin.TestGmailLogin@6c7d84ce]" name="enterIncorrectUserNamePassword" duration-ms="1194" started-at="2015-02-23T19:14:36Z" finished-at="2015-02-23T19:14:37Z">
          <reporter-output>
          </reporter-output>
        </test-method> <!-- enterIncorrectUserNamePassword -->
        <test-method status="PASS" signature="clearTextBox()[pri:0, instance:com.Test.TestGmailLogin.TestGmailLogin@6c7d84ce]" name="clearTextBox" is-config="true" duration-ms="67" started-at="2015-02-23T19:14:37Z" finished-at="2015-02-23T19:14:37Z">
          <reporter-output>
          </reporter-output>
        </test-method> <!-- clearTextBox -->
        <test-method status="PASS" signature="enterCorrectUserNamePassword()[pri:0, instance:com.Test.TestGmailLogin.TestGmailLogin@6c7d84ce]" name="enterCorrectUserNamePassword" duration-ms="4988" started-at="2015-02-23T19:14:37Z" finished-at="2015-02-23T19:14:42Z">
          <reporter-output>
          </reporter-output>
        </test-method> <!-- enterCorrectUserNamePassword -->
        <test-method status="PASS" signature="quitDriver()[pri:0, instance:com.Test.TestGmailLogin.TestGmailLogin@6c7d84ce]" name="quitDriver" is-config="true" duration-ms="1130" started-at="2015-02-23T19:14:42Z" finished-at="2015-02-23T19:14:44Z">
          <reporter-output>
          </reporter-output>
        </test-method> <!-- quitDriver -->
      </class> <!-- com.Test.TestGmailLogin.TestGmailLogin -->
    </test> <!-- Default test -->
  </suite> <!-- Default suite -->
</testng-results>
