<?xml version="1.0" encoding="UTF-8"?>
<testng-results skipped="0" failed="2" total="6" passed="4">
  <reporter-output>
  </reporter-output>
  <suite name="Default suite" duration-ms="117227" started-at="2015-02-26T14:33:28Z" finished-at="2015-02-26T14:35:26Z">
    <groups>
    </groups>
    <test name="Default test" duration-ms="117227" started-at="2015-02-26T14:33:28Z" finished-at="2015-02-26T14:35:26Z">
      <class name="com.Test.TestGmailLogin.TestGmailLogin">
        <test-method status="PASS" signature="initDriver()[pri:0, instance:com.Test.TestGmailLogin.TestGmailLogin@9c9116]" name="initDriver" is-config="true" duration-ms="16514" started-at="2015-02-26T20:03:28Z" finished-at="2015-02-26T20:03:45Z">
          <reporter-output>
          </reporter-output>
        </test-method> <!-- initDriver -->
        <test-method status="PASS" signature="clearTextBox()[pri:0, instance:com.Test.TestGmailLogin.TestGmailLogin@9c9116]" name="clearTextBox" is-config="true" duration-ms="237" started-at="2015-02-26T20:03:45Z" finished-at="2015-02-26T20:03:45Z">
          <reporter-output>
          </reporter-output>
        </test-method> <!-- clearTextBox -->
        <test-method status="PASS" signature="testLandingPage()[pri:0, instance:com.Test.TestGmailLogin.TestGmailLogin@9c9116]" name="testLandingPage" duration-ms="169" started-at="2015-02-26T20:03:45Z" finished-at="2015-02-26T20:03:45Z">
          <reporter-output>
          </reporter-output>
        </test-method> <!-- testLandingPage -->
        <test-method status="PASS" signature="clearTextBox()[pri:0, instance:com.Test.TestGmailLogin.TestGmailLogin@9c9116]" name="clearTextBox" is-config="true" duration-ms="174" started-at="2015-02-26T20:03:45Z" finished-at="2015-02-26T20:03:46Z">
          <reporter-output>
          </reporter-output>
        </test-method> <!-- clearTextBox -->
        <test-method status="FAIL" signature="enterNullInputs()[pri:0, instance:com.Test.TestGmailLogin.TestGmailLogin@9c9116]" name="enterNullInputs" duration-ms="3717" started-at="2015-02-26T20:03:46Z" finished-at="2015-02-26T20:03:49Z">
          <exception class="java.lang.AssertionError">
            <message>
              <![CDATA[expected [Enter your email address] but found [Enter your email address.]]]>
            </message>
            <full-stacktrace>
              <![CDATA[java.lang.AssertionError: expected [Enter your email address] but found [Enter your email address.]
	at org.testng.Assert.fail(Assert.java:94)
	at org.testng.Assert.failNotEquals(Assert.java:494)
	at org.testng.Assert.assertEquals(Assert.java:123)
	at org.testng.Assert.assertEquals(Assert.java:176)
	at org.testng.Assert.assertEquals(Assert.java:186)
	at com.Test.TestGmailLogin.TestGmailLogin.enterNullInputs(TestGmailLogin.java:68)
	at sun.reflect.NativeMethodAccessorImpl.invoke0(Native Method)
	at sun.reflect.NativeMethodAccessorImpl.invoke(NativeMethodAccessorImpl.java:62)
	at sun.reflect.DelegatingMethodAccessorImpl.invoke(DelegatingMethodAccessorImpl.java:43)
	at java.lang.reflect.Method.invoke(Method.java:483)
	at org.testng.internal.MethodInvocationHelper.invokeMethod(MethodInvocationHelper.java:84)
	at org.testng.internal.Invoker.invokeMethod(Invoker.java:714)
	at org.testng.internal.Invoker.invokeTestMethod(Invoker.java:901)
	at org.testng.internal.Invoker.invokeTestMethods(Invoker.java:1231)
	at org.testng.internal.TestMethodWorker.invokeTestMethods(TestMethodWorker.java:127)
	at org.testng.internal.TestMethodWorker.run(TestMethodWorker.java:111)
	at org.testng.TestRunner.privateRun(TestRunner.java:767)
	at org.testng.TestRunner.run(TestRunner.java:617)
	at org.testng.SuiteRunner.runTest(SuiteRunner.java:334)
	at org.testng.SuiteRunner.runSequentially(SuiteRunner.java:329)
	at org.testng.SuiteRunner.privateRun(SuiteRunner.java:291)
	at org.testng.SuiteRunner.run(SuiteRunner.java:240)
	at org.testng.SuiteRunnerWorker.runSuite(SuiteRunnerWorker.java:52)
	at org.testng.SuiteRunnerWorker.run(SuiteRunnerWorker.java:86)
	at org.testng.TestNG.runSuitesSequentially(TestNG.java:1224)
	at org.testng.TestNG.runSuitesLocally(TestNG.java:1149)
	at org.testng.TestNG.run(TestNG.java:1057)
	at org.testng.remote.RemoteTestNG.run(RemoteTestNG.java:111)
	at org.testng.remote.RemoteTestNG.initAndRun(RemoteTestNG.java:204)
	at org.testng.remote.RemoteTestNG.main(RemoteTestNG.java:175)
]]>
            </full-stacktrace>
          </exception> <!-- java.lang.AssertionError -->
          <reporter-output>
          </reporter-output>
        </test-method> <!-- enterNullInputs -->
        <test-method status="PASS" signature="clearTextBox()[pri:0, instance:com.Test.TestGmailLogin.TestGmailLogin@9c9116]" name="clearTextBox" is-config="true" duration-ms="191" started-at="2015-02-26T20:03:49Z" finished-at="2015-02-26T20:03:50Z">
          <reporter-output>
          </reporter-output>
        </test-method> <!-- clearTextBox -->
        <test-method status="PASS" signature="enterUserNameOnly()[pri:0, instance:com.Test.TestGmailLogin.TestGmailLogin@9c9116]" name="enterUserNameOnly" duration-ms="4537" started-at="2015-02-26T20:03:50Z" finished-at="2015-02-26T20:03:54Z">
          <reporter-output>
          </reporter-output>
        </test-method> <!-- enterUserNameOnly -->
        <test-method status="PASS" signature="clearTextBox()[pri:0, instance:com.Test.TestGmailLogin.TestGmailLogin@9c9116]" name="clearTextBox" is-config="true" duration-ms="198" started-at="2015-02-26T20:03:54Z" finished-at="2015-02-26T20:03:54Z">
          <reporter-output>
          </reporter-output>
        </test-method> <!-- clearTextBox -->
        <test-method status="PASS" signature="enterPasswordOnly()[pri:0, instance:com.Test.TestGmailLogin.TestGmailLogin@9c9116]" name="enterPasswordOnly" duration-ms="4898" started-at="2015-02-26T20:03:54Z" finished-at="2015-02-26T20:03:59Z">
          <reporter-output>
          </reporter-output>
        </test-method> <!-- enterPasswordOnly -->
        <test-method status="PASS" signature="clearTextBox()[pri:0, instance:com.Test.TestGmailLogin.TestGmailLogin@9c9116]" name="clearTextBox" is-config="true" duration-ms="196" started-at="2015-02-26T20:03:59Z" finished-at="2015-02-26T20:03:59Z">
          <reporter-output>
          </reporter-output>
        </test-method> <!-- clearTextBox -->
        <test-method status="PASS" signature="enterIncorrectUserNamePassword()[pri:0, instance:com.Test.TestGmailLogin.TestGmailLogin@9c9116]" name="enterIncorrectUserNamePassword" duration-ms="3865" started-at="2015-02-26T20:03:59Z" finished-at="2015-02-26T20:04:03Z">
          <reporter-output>
          </reporter-output>
        </test-method> <!-- enterIncorrectUserNamePassword -->
        <test-method status="PASS" signature="clearTextBox()[pri:0, instance:com.Test.TestGmailLogin.TestGmailLogin@9c9116]" name="clearTextBox" is-config="true" duration-ms="149" started-at="2015-02-26T20:04:03Z" finished-at="2015-02-26T20:04:03Z">
          <reporter-output>
          </reporter-output>
        </test-method> <!-- clearTextBox -->
        <test-method status="FAIL" signature="enterCorrectUserNamePassword()[pri:0, instance:com.Test.TestGmailLogin.TestGmailLogin@9c9116]" name="enterCorrectUserNamePassword" duration-ms="81028" started-at="2015-02-26T20:04:03Z" finished-at="2015-02-26T20:05:24Z">
          <exception class="java.lang.AssertionError">
            <message>
              <![CDATA[expected [Gmail] but found [Inbox (3,844) - adkitteamolv@gmail.com - Gmail]]]>
            </message>
            <full-stacktrace>
              <![CDATA[java.lang.AssertionError: expected [Gmail] but found [Inbox (3,844) - adkitteamolv@gmail.com - Gmail]
	at org.testng.Assert.fail(Assert.java:94)
	at org.testng.Assert.failNotEquals(Assert.java:494)
	at org.testng.Assert.assertEquals(Assert.java:123)
	at org.testng.Assert.assertEquals(Assert.java:176)
	at org.testng.Assert.assertEquals(Assert.java:186)
	at com.Test.TestGmailLogin.TestGmailLogin.enterCorrectUserNamePassword(TestGmailLogin.java:122)
	at sun.reflect.NativeMethodAccessorImpl.invoke0(Native Method)
	at sun.reflect.NativeMethodAccessorImpl.invoke(NativeMethodAccessorImpl.java:62)
	at sun.reflect.DelegatingMethodAccessorImpl.invoke(DelegatingMethodAccessorImpl.java:43)
	at java.lang.reflect.Method.invoke(Method.java:483)
	at org.testng.internal.MethodInvocationHelper.invokeMethod(MethodInvocationHelper.java:84)
	at org.testng.internal.Invoker.invokeMethod(Invoker.java:714)
	at org.testng.internal.Invoker.invokeTestMethod(Invoker.java:901)
	at org.testng.internal.Invoker.invokeTestMethods(Invoker.java:1231)
	at org.testng.internal.TestMethodWorker.invokeTestMethods(TestMethodWorker.java:127)
	at org.testng.internal.TestMethodWorker.run(TestMethodWorker.java:111)
	at org.testng.TestRunner.privateRun(TestRunner.java:767)
	at org.testng.TestRunner.run(TestRunner.java:617)
	at org.testng.SuiteRunner.runTest(SuiteRunner.java:334)
	at org.testng.SuiteRunner.runSequentially(SuiteRunner.java:329)
	at org.testng.SuiteRunner.privateRun(SuiteRunner.java:291)
	at org.testng.SuiteRunner.run(SuiteRunner.java:240)
	at org.testng.SuiteRunnerWorker.runSuite(SuiteRunnerWorker.java:52)
	at org.testng.SuiteRunnerWorker.run(SuiteRunnerWorker.java:86)
	at org.testng.TestNG.runSuitesSequentially(TestNG.java:1224)
	at org.testng.TestNG.runSuitesLocally(TestNG.java:1149)
	at org.testng.TestNG.run(TestNG.java:1057)
	at org.testng.remote.RemoteTestNG.run(RemoteTestNG.java:111)
	at org.testng.remote.RemoteTestNG.initAndRun(RemoteTestNG.java:204)
	at org.testng.remote.RemoteTestNG.main(RemoteTestNG.java:175)
]]>
            </full-stacktrace>
          </exception> <!-- java.lang.AssertionError -->
          <reporter-output>
          </reporter-output>
        </test-method> <!-- enterCorrectUserNamePassword -->
        <test-method status="PASS" signature="quitDriver()[pri:0, instance:com.Test.TestGmailLogin.TestGmailLogin@9c9116]" name="quitDriver" is-config="true" duration-ms="1256" started-at="2015-02-26T20:05:24Z" finished-at="2015-02-26T20:05:26Z">
          <reporter-output>
          </reporter-output>
        </test-method> <!-- quitDriver -->
      </class> <!-- com.Test.TestGmailLogin.TestGmailLogin -->
    </test> <!-- Default test -->
  </suite> <!-- Default suite -->
</testng-results>
